

 Fichier LOG ouvert à 01/30/21 01:25:53

Définitions de champ pour la table ADMISSION_TYPE
  Format d'enregistrement DELIMITED, délimité par 

  Les données du fichier ont le même format endian que la plate-forme
  Les lignes avec tous les champs null sont acceptées

  Champs dans la source de données : 

    ID                              CHAR (255)
      Terminé par ","
      Délimité par """ et """
      Ajustement du blanc identique à SQL Loader
    DESCRIPTION                     CHAR (255)
      Terminé par ","
      Délimité par """ et """
      Ajustement du blanc identique à SQL Loader


 LOG file opened at 01/30/21 10:35:39

Field Definitions for table ADMISSION_TYPE
  Record format DELIMITED, delimited by 

  Data in file has same endianness as the platform
  Rows with all null fields are accepted

  Fields in Data Source: 

    ID                              CHAR (255)
      Terminated by ","
      Enclosed by """ and """
      Trim whitespace same as SQL Loader
    DESCRIPTION                     CHAR (255)
      Terminated by ","
      Enclosed by """ and """
      Trim whitespace same as SQL Loader


 Fichier LOG ouvert à 02/06/21 18:28:56

Définitions de champ pour la table ADMISSION_TYPE
  Format d'enregistrement DELIMITED, délimité par 

  Les données du fichier ont le même format endian que la plate-forme
  Les lignes avec tous les champs null sont acceptées

  Champs dans la source de données : 

    ID                              CHAR (255)
      Terminé par ","
      Délimité par """ et """
      Ajustement du blanc identique à SQL Loader
    DESCRIPTION                     CHAR (255)
      Terminé par ","
      Délimité par """ et """
      Ajustement du blanc identique à SQL Loader


 Fichier LOG ouvert à 02/06/21 18:49:30

Définitions de champ pour la table ADMISSION_TYPE
  Format d'enregistrement DELIMITED, délimité par 

  Les données du fichier ont le même format endian que la plate-forme
  Les lignes avec tous les champs null sont acceptées

  Champs dans la source de données : 

    ID                              CHAR (255)
      Terminé par ","
      Délimité par """ et """
      Ajustement du blanc identique à SQL Loader
    DESCRIPTION                     CHAR (255)
      Terminé par ","
      Délimité par """ et """
      Ajustement du blanc identique à SQL Loader


 Fichier LOG ouvert à 02/06/21 18:53:48

Définitions de champ pour la table ADMISSION_TYPE
  Format d'enregistrement DELIMITED, délimité par 

  Les données du fichier ont le même format endian que la plate-forme
  Les lignes avec tous les champs null sont acceptées

  Champs dans la source de données : 

    ID                              CHAR (255)
      Terminé par ","
      Délimité par """ et """
      Ajustement du blanc identique à SQL Loader
    DESCRIPTION                     CHAR (255)
      Terminé par ","
      Délimité par """ et """
      Ajustement du blanc identique à SQL Loader


 Fichier LOG ouvert à 02/06/21 18:53:48

Définitions de champ pour la table ADMISSION_TYPE
  Format d'enregistrement DELIMITED, délimité par 

  Les données du fichier ont le même format endian que la plate-forme
  Les lignes avec tous les champs null sont acceptées

  Champs dans la source de données : 

    ID                              CHAR (255)
      Terminé par ","
      Délimité par """ et """
      Ajustement du blanc identique à SQL Loader
    DESCRIPTION                     CHAR (255)
      Terminé par ","
      Délimité par """ et """
      Ajustement du blanc identique à SQL Loader


 Fichier LOG ouvert à 02/06/21 18:53:49

Définitions de champ pour la table ADMISSION_TYPE
  Format d'enregistrement DELIMITED, délimité par 

  Les données du fichier ont le même format endian que la plate-forme
  Les lignes avec tous les champs null sont acceptées

  Champs dans la source de données : 

    ID                              CHAR (255)
      Terminé par ","
      Délimité par """ et """
      Ajustement du blanc identique à SQL Loader
    DESCRIPTION                     CHAR (255)
      Terminé par ","
      Délimité par """ et """
      Ajustement du blanc identique à SQL Loader


 Fichier LOG ouvert à 02/06/21 18:53:49

Définitions de champ pour la table ADMISSION_TYPE
  Format d'enregistrement DELIMITED, délimité par 

  Les données du fichier ont le même format endian que la plate-forme
  Les lignes avec tous les champs null sont acceptées

  Champs dans la source de données : 

    ID                              CHAR (255)
      Terminé par ","
      Délimité par """ et """
      Ajustement du blanc identique à SQL Loader
    DESCRIPTION                     CHAR (255)
      Terminé par ","
      Délimité par """ et """
      Ajustement du blanc identique à SQL Loader


 Fichier LOG ouvert à 02/06/21 18:53:49

Définitions de champ pour la table ADMISSION_TYPE
  Format d'enregistrement DELIMITED, délimité par 

  Les données du fichier ont le même format endian que la plate-forme
  Les lignes avec tous les champs null sont acceptées

  Champs dans la source de données : 

    ID                              CHAR (255)
      Terminé par ","
      Délimité par """ et """
      Ajustement du blanc identique à SQL Loader
    DESCRIPTION                     CHAR (255)
      Terminé par ","
      Délimité par """ et """
      Ajustement du blanc identique à SQL Loader


 Fichier LOG ouvert à 02/06/21 18:53:49

Définitions de champ pour la table ADMISSION_TYPE
  Format d'enregistrement DELIMITED, délimité par 

  Les données du fichier ont le même format endian que la plate-forme
  Les lignes avec tous les champs null sont acceptées

  Champs dans la source de données : 

    ID                              CHAR (255)
      Terminé par ","
      Délimité par """ et """
      Ajustement du blanc identique à SQL Loader
    DESCRIPTION                     CHAR (255)
      Terminé par ","
      Délimité par """ et """
      Ajustement du blanc identique à SQL Loader


 Fichier LOG ouvert à 02/06/21 18:53:49

Définitions de champ pour la table ADMISSION_TYPE
  Format d'enregistrement DELIMITED, délimité par 

  Les données du fichier ont le même format endian que la plate-forme
  Les lignes avec tous les champs null sont acceptées

  Champs dans la source de données : 

    ID                              CHAR (255)
      Terminé par ","
      Délimité par """ et """
      Ajustement du blanc identique à SQL Loader
    DESCRIPTION                     CHAR (255)
      Terminé par ","
      Délimité par """ et """
      Ajustement du blanc identique à SQL Loader


 Fichier LOG ouvert à 02/06/21 18:56:38

Définitions de champ pour la table ADMISSION_TYPE
  Format d'enregistrement DELIMITED, délimité par 

  Les données du fichier ont le même format endian que la plate-forme
  Les lignes avec tous les champs null sont acceptées

  Champs dans la source de données : 

    ID                              CHAR (255)
      Terminé par ","
      Délimité par """ et """
      Ajustement du blanc identique à SQL Loader
    DESCRIPTION                     CHAR (255)
      Terminé par ","
      Délimité par """ et """
      Ajustement du blanc identique à SQL Loader


 Fichier LOG ouvert à 02/06/21 18:56:39

Définitions de champ pour la table ADMISSION_TYPE
  Format d'enregistrement DELIMITED, délimité par 

  Les données du fichier ont le même format endian que la plate-forme
  Les lignes avec tous les champs null sont acceptées

  Champs dans la source de données : 

    ID                              CHAR (255)
      Terminé par ","
      Délimité par """ et """
      Ajustement du blanc identique à SQL Loader
    DESCRIPTION                     CHAR (255)
      Terminé par ","
      Délimité par """ et """
      Ajustement du blanc identique à SQL Loader


 Fichier LOG ouvert à 02/06/21 18:56:39

Définitions de champ pour la table ADMISSION_TYPE
  Format d'enregistrement DELIMITED, délimité par 

  Les données du fichier ont le même format endian que la plate-forme
  Les lignes avec tous les champs null sont acceptées

  Champs dans la source de données : 

    ID                              CHAR (255)
      Terminé par ","
      Délimité par """ et """
      Ajustement du blanc identique à SQL Loader
    DESCRIPTION                     CHAR (255)
      Terminé par ","
      Délimité par """ et """
      Ajustement du blanc identique à SQL Loader


 Fichier LOG ouvert à 02/06/21 18:56:39

Définitions de champ pour la table ADMISSION_TYPE
  Format d'enregistrement DELIMITED, délimité par 

  Les données du fichier ont le même format endian que la plate-forme
  Les lignes avec tous les champs null sont acceptées

  Champs dans la source de données : 

    ID                              CHAR (255)
      Terminé par ","
      Délimité par """ et """
      Ajustement du blanc identique à SQL Loader
    DESCRIPTION                     CHAR (255)
      Terminé par ","
      Délimité par """ et """
      Ajustement du blanc identique à SQL Loader


 Fichier LOG ouvert à 02/06/21 18:56:39

Définitions de champ pour la table ADMISSION_TYPE
  Format d'enregistrement DELIMITED, délimité par 

  Les données du fichier ont le même format endian que la plate-forme
  Les lignes avec tous les champs null sont acceptées

  Champs dans la source de données : 

    ID                              CHAR (255)
      Terminé par ","
      Délimité par """ et """
      Ajustement du blanc identique à SQL Loader
    DESCRIPTION                     CHAR (255)
      Terminé par ","
      Délimité par """ et """
      Ajustement du blanc identique à SQL Loader


 Fichier LOG ouvert à 02/06/21 18:56:39

Définitions de champ pour la table ADMISSION_TYPE
  Format d'enregistrement DELIMITED, délimité par 

  Les données du fichier ont le même format endian que la plate-forme
  Les lignes avec tous les champs null sont acceptées

  Champs dans la source de données : 

    ID                              CHAR (255)
      Terminé par ","
      Délimité par """ et """
      Ajustement du blanc identique à SQL Loader
    DESCRIPTION                     CHAR (255)
      Terminé par ","
      Délimité par """ et """
      Ajustement du blanc identique à SQL Loader


 Fichier LOG ouvert à 02/06/21 18:56:39

Définitions de champ pour la table ADMISSION_TYPE
  Format d'enregistrement DELIMITED, délimité par 

  Les données du fichier ont le même format endian que la plate-forme
  Les lignes avec tous les champs null sont acceptées

  Champs dans la source de données : 

    ID                              CHAR (255)
      Terminé par ","
      Délimité par """ et """
      Ajustement du blanc identique à SQL Loader
    DESCRIPTION                     CHAR (255)
      Terminé par ","
      Délimité par """ et """
      Ajustement du blanc identique à SQL Loader


 LOG file opened at 02/06/21 20:55:37

Field Definitions for table ADMISSION_TYPE
  Record format DELIMITED, delimited by 

  Data in file has same endianness as the platform
  Rows with all null fields are accepted

  Fields in Data Source: 

    ID                              CHAR (255)
      Terminated by ","
      Enclosed by """ and """
      Trim whitespace same as SQL Loader
    DESCRIPTION                     CHAR (255)
      Terminated by ","
      Enclosed by """ and """
      Trim whitespace same as SQL Loader


 LOG file opened at 02/06/21 20:55:37

Field Definitions for table ADMISSION_TYPE
  Record format DELIMITED, delimited by 

  Data in file has same endianness as the platform
  Rows with all null fields are accepted

  Fields in Data Source: 

    ID                              CHAR (255)
      Terminated by ","
      Enclosed by """ and """
      Trim whitespace same as SQL Loader
    DESCRIPTION                     CHAR (255)
      Terminated by ","
      Enclosed by """ and """
      Trim whitespace same as SQL Loader
